<?xml version="1.0" encoding="UTF-8"?>
<!-- Generated by org.testng.reporters.JUnitXMLReporter -->
<testsuite ignored="2" hostname="LAPTOP-GTLTLNIU" failures="0" tests="4" name="Loan" time="0.056" errors="0" timestamp="2023-03-28T17:50:37 IST">
  <testcase classname="TestingSmoke.Tstsmoke" name="fun4" time="0.008"/>
  <testcase classname="TestingSmoke.Tstsmoke" name="fun6" time="0.001"/>
  <testcase classname="TestingSmoke.Tstsmoke2" name="fun1" time="0.001"/>
  <testcase classname="TestingSmoke.Tstsmoke2" name="fun3" time="0.001"/>
  <testcase classname="TestingSmoke.Tstsmoke" name="fun5" time="0.0">
    <ignored/>
  </testcase> <!-- fun5 -->
  <testcase classname="TestingSmoke.Tstsmoke2" name="fun2" time="0.0">
    <ignored/>
  </testcase> <!-- fun2 -->
</testsuite> <!-- Loan -->
