<?xml version="1.0" encoding="UTF-8"?>
<!-- Generated by org.testng.reporters.JUnitXMLReporter -->
<testsuite ignored="0" hostname="LAPTOP-GTLTLNIU" failures="0" tests="3" name="Test" time="0.382" errors="0" timestamp="2023-03-28T17:14:55 IST">
  <testcase classname="TestingTstNg.HomeLoan" name="homeLoan" time="0.044"/>
  <testcase classname="TestingTstNg.CarLoan" name="carLoan" time="0.003"/>
  <testcase classname="TestingTstNg.FactoryLoan" name="factoryLoan" time="0.008"/>
</testsuite> <!-- Test -->
