<?xml version="1.0" encoding="UTF-8"?>
<testng-results ignored="0" total="2" passed="2" failed="0" skipped="0">
  <reporter-output>
  </reporter-output>
  <suite started-at="2023-03-29T17:59:35 IST" name="suite" finished-at="2023-03-29T17:59:35 IST" duration-ms="49">
    <groups>
    </groups>
    <test started-at="2023-03-29T17:59:35 IST" name="Smokes" finished-at="2023-03-29T17:59:35 IST" duration-ms="49">
      <class name="TestingParameterization.DataProv1">
        <test-method signature="test(java.lang.String,java.lang.String)[pri:0, instance:TestingParameterization.DataProv1@393671df]" started-at="2023-03-29T17:59:35 IST" name="test" data-provider="getData" finished-at="2023-03-29T17:59:35 IST" duration-ms="4" status="PASS">
          <params>
            <param index="0">
              <value>
                <![CDATA[QASIm]]>
              </value>
            </param>
            <param index="1">
              <value>
                <![CDATA[pass1]]>
              </value>
            </param>
          </params>
          <reporter-output>
          </reporter-output>
        </test-method> <!-- test -->
        <test-method signature="test(java.lang.String,java.lang.String)[pri:0, instance:TestingParameterization.DataProv1@393671df]" started-at="2023-03-29T17:59:35 IST" name="test" data-provider="getData" finished-at="2023-03-29T17:59:35 IST" duration-ms="0" status="PASS">
          <params>
            <param index="0">
              <value>
                <![CDATA[user2]]>
              </value>
            </param>
            <param index="1">
              <value>
                <![CDATA[pass2]]>
              </value>
            </param>
          </params>
          <reporter-output>
          </reporter-output>
        </test-method> <!-- test -->
      </class> <!-- TestingParameterization.DataProv1 -->
    </test> <!-- Smokes -->
  </suite> <!-- suite -->
</testng-results>
